# JRE version: Java(TM) SE Runtime Environment (8.0_144-b01) (build 1.8.0_144-b01)
# Java VM: Java HotSpot(TM) 64-Bit Server VM (25.144-b01 mixed mode windows-amd64 compressed oops)
Heap:
 PSYoungGen      total 364544K, used 157503K [0x000000076ca00000, 0x0000000784400000, 0x00000007c0000000)
  eden space 353792K, 41% used [0x000000076ca00000,0x0000000775981ab0,0x0000000782380000)
  from space 10752K, 98% used [0x0000000783980000,0x00000007843ce150,0x0000000784400000)
  to   space 12288K, 0% used [0x0000000782c00000,0x0000000782c00000,0x0000000783800000)
 ParOldGen       total 203264K, used 22789K [0x00000006c5e00000, 0x00000006d2480000, 0x000000076ca00000)
  object space 203264K, 11% used [0x00000006c5e00000,0x00000006c7441728,0x00000006d2480000)
 Metaspace       used 64989K, capacity 69015K, committed 69080K, reserved 1110016K
  class space    used 8226K, capacity 8899K, committed 8960K, reserved 1048576K
GC Heap History (10 events):
Event: 8.587 GC heap before
{Heap before GC invocations=13 (full 2):
 PSYoungGen      total 235008K, used 225792K [0x000000076ca00000, 0x000000077ba00000, 0x00000007c0000000)
  eden space 225792K, 100% used [0x000000076ca00000,0x000000077a680000,0x000000077a680000)
  from space 9216K, 0% used [0x000000077af80000,0x000000077af80000,0x000000077b880000)
  to   space 9216K, 0% used [0x000000077a680000,0x000000077a680000,0x000000077af80000)
 ParOldGen       total 144384K, used 12386K [0x00000006c5e00000, 0x00000006ceb00000, 0x000000076ca00000)
  object space 144384K, 8% used [0x00000006c5e00000,0x00000006c6a18b70,0x00000006ceb00000)
 Metaspace       used 40486K, capacity 42857K, committed 43008K, reserved 1087488K
  class space    used 4945K, capacity 5369K, committed 5376K, reserved 1048576K
Event: 8.603 GC heap after
Heap after GC invocations=13 (full 2):
 PSYoungGen      total 235008K, used 9207K [0x000000076ca00000, 0x000000077fb80000, 0x00000007c0000000)
  eden space 225792K, 0% used [0x000000076ca00000,0x000000076ca00000,0x000000077a680000)
  from space 9216K, 99% used [0x000000077a680000,0x000000077af7df98,0x000000077af80000)
  to   space 10240K, 0% used [0x000000077f180000,0x000000077f180000,0x000000077fb80000)
 ParOldGen       total 144384K, used 12428K [0x00000006c5e00000, 0x00000006ceb00000, 0x000000076ca00000)
  object space 144384K, 8% used [0x00000006c5e00000,0x00000006c6a23368,0x00000006ceb00000)
 Metaspace       used 40486K, capacity 42857K, committed 43008K, reserved 1087488K
  class space    used 4945K, capacity 5369K, committed 5376K, reserved 1048576K
}
Event: 10.910 GC heap before
{Heap before GC invocations=14 (full 2):
 PSYoungGen      total 235008K, used 234999K [0x000000076ca00000, 0x000000077fb80000, 0x00000007c0000000)
  eden space 225792K, 100% used [0x000000076ca00000,0x000000077a680000,0x000000077a680000)
  from space 9216K, 99% used [0x000000077a680000,0x000000077af7df98,0x000000077af80000)
  to   space 10240K, 0% used [0x000000077f180000,0x000000077f180000,0x000000077fb80000)
 ParOldGen       total 144384K, used 12428K [0x00000006c5e00000, 0x00000006ceb00000, 0x000000076ca00000)
  object space 144384K, 8% used [0x00000006c5e00000,0x00000006c6a23368,0x00000006ceb00000)
 Metaspace       used 49388K, capacity 51983K, committed 52224K, reserved 1095680K
  class space    used 6159K, capacity 6645K, committed 6656K, reserved 1048576K
Event: 10.933 GC heap after
Heap after GC invocations=14 (full 2):
 PSYoungGen      total 297472K, used 8497K [0x000000076ca00000, 0x000000077fa00000, 0x00000007c0000000)
  eden space 288768K, 0% used [0x000000076ca00000,0x000000076ca00000,0x000000077e400000)
  from space 8704K, 97% used [0x000000077f180000,0x000000077f9cc738,0x000000077fa00000)
  to   space 10752K, 0% used [0x000000077e500000,0x000000077e500000,0x000000077ef80000)
 ParOldGen       total 144384K, used 16705K [0x00000006c5e00000, 0x00000006ceb00000, 0x000000076ca00000)
  object space 144384K, 11% used [0x00000006c5e00000,0x00000006c6e50410,0x00000006ceb00000)
 Metaspace       used 49388K, capacity 51983K, committed 52224K, reserved 1095680K
  class space    used 6159K, capacity 6645K, committed 6656K, reserved 1048576K
}
Event: 12.391 GC heap before
{Heap before GC invocations=15 (full 2):
 PSYoungGen      total 297472K, used 211319K [0x000000076ca00000, 0x000000077fa00000, 0x00000007c0000000)
  eden space 288768K, 70% used [0x000000076ca00000,0x0000000779011678,0x000000077e400000)
  from space 8704K, 97% used [0x000000077f180000,0x000000077f9cc738,0x000000077fa00000)
  to   space 10752K, 0% used [0x000000077e500000,0x000000077e500000,0x000000077ef80000)
 ParOldGen       total 144384K, used 16705K [0x00000006c5e00000, 0x00000006ceb00000, 0x000000076ca00000)
  object space 144384K, 11% used [0x00000006c5e00000,0x00000006c6e50410,0x00000006ceb00000)
 Metaspace       used 56145K, capacity 58917K, committed 59096K, reserved 1101824K
  class space    used 7086K, capacity 7578K, committed 7680K, reserved 1048576K
Event: 12.406 GC heap after
Heap after GC invocations=15 (full 2):
 PSYoungGen      total 300544K, used 9172K [0x000000076ca00000, 0x0000000784480000, 0x00000007c0000000)
  eden space 289792K, 0% used [0x000000076ca00000,0x000000076ca00000,0x000000077e500000)
  from space 10752K, 85% used [0x000000077e500000,0x000000077edf52c0,0x000000077ef80000)
  to   space 11264K, 0% used [0x0000000783980000,0x0000000783980000,0x0000000784480000)
 ParOldGen       total 144384K, used 16713K [0x00000006c5e00000, 0x00000006ceb00000, 0x000000076ca00000)
  object space 144384K, 11% used [0x00000006c5e00000,0x00000006c6e52410,0x00000006ceb00000)
 Metaspace       used 56145K, capacity 58917K, committed 59096K, reserved 1101824K
  class space    used 7086K, capacity 7578K, committed 7680K, reserved 1048576K
}
Event: 12.406 GC heap before
{Heap before GC invocations=16 (full 3):
 PSYoungGen      total 300544K, used 9172K [0x000000076ca00000, 0x0000000784480000, 0x00000007c0000000)
  eden space 289792K, 0% used [0x000000076ca00000,0x000000076ca00000,0x000000077e500000)
  from space 10752K, 85% used [0x000000077e500000,0x000000077edf52c0,0x000000077ef80000)
  to   space 11264K, 0% used [0x0000000783980000,0x0000000783980000,0x0000000784480000)
 ParOldGen       total 144384K, used 16713K [0x00000006c5e00000, 0x00000006ceb00000, 0x000000076ca00000)
  object space 144384K, 11% used [0x00000006c5e00000,0x00000006c6e52410,0x00000006ceb00000)
 Metaspace       used 56145K, capacity 58917K, committed 59096K, reserved 1101824K
  class space    used 7086K, capacity 7578K, committed 7680K, reserved 1048576K
Event: 12.565 GC heap after
Heap after GC invocations=16 (full 3):
 PSYoungGen      total 300544K, used 0K [0x000000076ca00000, 0x0000000784480000, 0x00000007c0000000)
  eden space 289792K, 0% used [0x000000076ca00000,0x000000076ca00000,0x000000077e500000)
  from space 10752K, 0% used [0x000000077e500000,0x000000077e500000,0x000000077ef80000)
  to   space 11264K, 0% used [0x0000000783980000,0x0000000783980000,0x0000000784480000)
 ParOldGen       total 203264K, used 22781K [0x00000006c5e00000, 0x00000006d2480000, 0x000000076ca00000)
  object space 203264K, 11% used [0x00000006c5e00000,0x00000006c743f728,0x00000006d2480000)
 Metaspace       used 56145K, capacity 58917K, committed 59096K, reserved 1101824K
  class space    used 7086K, capacity 7578K, committed 7680K, reserved 1048576K
}
Event: 14.898 GC heap before
{Heap before GC invocations=17 (full 3):
 PSYoungGen      total 300544K, used 289792K [0x000000076ca00000, 0x0000000784480000, 0x00000007c0000000)
  eden space 289792K, 100% used [0x000000076ca00000,0x000000077e500000,0x000000077e500000)
  from space 10752K, 0% used [0x000000077e500000,0x000000077e500000,0x000000077ef80000)
  to   space 11264K, 0% used [0x0000000783980000,0x0000000783980000,0x0000000784480000)
 ParOldGen       total 203264K, used 22781K [0x00000006c5e00000, 0x00000006d2480000, 0x000000076ca00000)
  object space 203264K, 11% used [0x00000006c5e00000,0x00000006c743f728,0x00000006d2480000)
 Metaspace       used 62400K, capacity 65985K, committed 66136K, reserved 1107968K
  class space    used 7874K, capacity 8474K, committed 8576K, reserved 1048576K
Event: 14.913 GC heap after
Heap after GC invocations=17 (full 3):
 PSYoungGen      total 364544K, used 10552K [0x000000076ca00000, 0x0000000784400000, 0x00000007c0000000)
  eden space 353792K, 0% used [0x000000076ca00000,0x000000076ca00000,0x0000000782380000)
  from space 10752K, 98% used [0x0000000783980000,0x00000007843ce150,0x0000000784400000)
  to   space 12288K, 0% used [0x0000000782c00000,0x0000000782c00000,0x0000000783800000)
 ParOldGen       total 203264K, used 22789K [0x00000006c5e00000, 0x00000006d2480000, 0x000000076ca00000)
  object space 203264K, 11% used [0x00000006c5e00000,0x00000006c7441728,0x00000006d2480000)
 Metaspace       used 62400K, capacity 65985K, committed 66136K, reserved 1107968K
  class space    used 7874K, capacity 8474K, committed 8576K, reserved 1048576K
}

