# JRE version: Java(TM) SE Runtime Environment (8.0_144-b01) (build 1.8.0_144-b01)
# Java VM: Java HotSpot(TM) 64-Bit Server VM (25.144-b01 mixed mode windows-amd64 compressed oops)
Heap:
 PSYoungGen      total 434176K, used 121240K [0x000000076ca00000, 0x0000000788600000, 0x00000007c0000000)
  eden space 420864K, 28% used [0x000000076ca00000,0x0000000774066268,0x0000000786500000)
  from space 13312K, 0% used [0x0000000787900000,0x0000000787900000,0x0000000788600000)
  to   space 15872K, 0% used [0x0000000786700000,0x0000000786700000,0x0000000787680000)
 ParOldGen       total 147968K, used 25572K [0x00000006c5e00000, 0x00000006cee80000, 0x000000076ca00000)
  object space 147968K, 17% used [0x00000006c5e00000,0x00000006c76f93d8,0x00000006cee80000)
 Metaspace       used 59532K, capacity 62949K, committed 63192K, reserved 1103872K
  class space    used 7538K, capacity 8138K, committed 8192K, reserved 1048576K
GC Heap History (10 events):
Event: 6.133 GC heap before
{Heap before GC invocations=9 (full 1):
 PSYoungGen      total 262656K, used 193820K [0x000000076ca00000, 0x0000000782200000, 0x00000007c0000000)
  eden space 255488K, 73% used [0x000000076ca00000,0x00000007780487f0,0x000000077c380000)
  from space 7168K, 99% used [0x000000077c380000,0x000000077ca7ec00,0x000000077ca80000)
  to   space 9216K, 0% used [0x0000000781900000,0x0000000781900000,0x0000000782200000)
 ParOldGen       total 94720K, used 8288K [0x00000006c5e00000, 0x00000006cba80000, 0x000000076ca00000)
  object space 94720K, 8% used [0x00000006c5e00000,0x00000006c6618058,0x00000006cba80000)
 Metaspace       used 33554K, capacity 35363K, committed 35456K, reserved 1081344K
  class space    used 4086K, capacity 4444K, committed 4480K, reserved 1048576K
Event: 6.151 GC heap after
Heap after GC invocations=9 (full 1):
 PSYoungGen      total 341504K, used 9208K [0x000000076ca00000, 0x0000000787480000, 0x00000007c0000000)
  eden space 332288K, 0% used [0x000000076ca00000,0x000000076ca00000,0x0000000780e80000)
  from space 9216K, 99% used [0x0000000781900000,0x00000007821fe210,0x0000000782200000)
  to   space 10752K, 0% used [0x0000000780e80000,0x0000000780e80000,0x0000000781900000)
 ParOldGen       total 94720K, used 9630K [0x00000006c5e00000, 0x00000006cba80000, 0x000000076ca00000)
  object space 94720K, 10% used [0x00000006c5e00000,0x00000006c6767b50,0x00000006cba80000)
 Metaspace       used 33554K, capacity 35363K, committed 35456K, reserved 1081344K
  class space    used 4086K, capacity 4444K, committed 4480K, reserved 1048576K
}
Event: 6.151 GC heap before
{Heap before GC invocations=10 (full 2):
 PSYoungGen      total 341504K, used 9208K [0x000000076ca00000, 0x0000000787480000, 0x00000007c0000000)
  eden space 332288K, 0% used [0x000000076ca00000,0x000000076ca00000,0x0000000780e80000)
  from space 9216K, 99% used [0x0000000781900000,0x00000007821fe210,0x0000000782200000)
  to   space 10752K, 0% used [0x0000000780e80000,0x0000000780e80000,0x0000000781900000)
 ParOldGen       total 94720K, used 9630K [0x00000006c5e00000, 0x00000006cba80000, 0x000000076ca00000)
  object space 94720K, 10% used [0x00000006c5e00000,0x00000006c6767b50,0x00000006cba80000)
 Metaspace       used 33554K, capacity 35363K, committed 35456K, reserved 1081344K
  class space    used 4086K, capacity 4444K, committed 4480K, reserved 1048576K
Event: 6.200 GC heap after
Heap after GC invocations=10 (full 2):
 PSYoungGen      total 341504K, used 0K [0x000000076ca00000, 0x0000000787480000, 0x00000007c0000000)
  eden space 332288K, 0% used [0x000000076ca00000,0x000000076ca00000,0x0000000780e80000)
  from space 9216K, 0% used [0x0000000781900000,0x0000000781900000,0x0000000782200000)
  to   space 10752K, 0% used [0x0000000780e80000,0x0000000780e80000,0x0000000781900000)
 ParOldGen       total 147968K, used 15413K [0x00000006c5e00000, 0x00000006cee80000, 0x000000076ca00000)
  object space 147968K, 10% used [0x00000006c5e00000,0x00000006c6d0d4e0,0x00000006cee80000)
 Metaspace       used 33554K, capacity 35363K, committed 35456K, reserved 1081344K
  class space    used 4086K, capacity 4444K, committed 4480K, reserved 1048576K
}
Event: 9.327 GC heap before
{Heap before GC invocations=11 (full 2):
 PSYoungGen      total 341504K, used 332288K [0x000000076ca00000, 0x0000000787480000, 0x00000007c0000000)
  eden space 332288K, 100% used [0x000000076ca00000,0x0000000780e80000,0x0000000780e80000)
  from space 9216K, 0% used [0x0000000781900000,0x0000000781900000,0x0000000782200000)
  to   space 10752K, 0% used [0x0000000780e80000,0x0000000780e80000,0x0000000781900000)
 ParOldGen       total 147968K, used 15413K [0x00000006c5e00000, 0x00000006cee80000, 0x000000076ca00000)
  object space 147968K, 10% used [0x00000006c5e00000,0x00000006c6d0d4e0,0x00000006cee80000)
 Metaspace       used 44603K, capacity 47103K, committed 47360K, reserved 1091584K
  class space    used 5613K, capacity 6079K, committed 6144K, reserved 1048576K
Event: 9.341 GC heap after
Heap after GC invocations=11 (full 2):
 PSYoungGen      total 343040K, used 10736K [0x000000076ca00000, 0x0000000788600000, 0x00000007c0000000)
  eden space 332288K, 0% used [0x000000076ca00000,0x000000076ca00000,0x0000000780e80000)
  from space 10752K, 99% used [0x0000000780e80000,0x00000007818fc390,0x0000000781900000)
  to   space 13312K, 0% used [0x0000000787900000,0x0000000787900000,0x0000000788600000)
 ParOldGen       total 147968K, used 18101K [0x00000006c5e00000, 0x00000006cee80000, 0x000000076ca00000)
  object space 147968K, 12% used [0x00000006c5e00000,0x00000006c6fad750,0x00000006cee80000)
 Metaspace       used 44603K, capacity 47103K, committed 47360K, reserved 1091584K
  class space    used 5613K, capacity 6079K, committed 6144K, reserved 1048576K
}
Event: 12.109 GC heap before
{Heap before GC invocations=12 (full 2):
 PSYoungGen      total 343040K, used 334564K [0x000000076ca00000, 0x0000000788600000, 0x00000007c0000000)
  eden space 332288K, 97% used [0x000000076ca00000,0x000000078063cec0,0x0000000780e80000)
  from space 10752K, 99% used [0x0000000780e80000,0x00000007818fc390,0x0000000781900000)
  to   space 13312K, 0% used [0x0000000787900000,0x0000000787900000,0x0000000788600000)
 ParOldGen       total 147968K, used 18101K [0x00000006c5e00000, 0x00000006cee80000, 0x000000076ca00000)
  object space 147968K, 12% used [0x00000006c5e00000,0x00000006c6fad750,0x00000006cee80000)
 Metaspace       used 56143K, capacity 58913K, committed 59096K, reserved 1101824K
  class space    used 7084K, capacity 7578K, committed 7680K, reserved 1048576K
Event: 12.130 GC heap after
Heap after GC invocations=12 (full 2):
 PSYoungGen      total 434176K, used 13293K [0x000000076ca00000, 0x0000000788600000, 0x00000007c0000000)
  eden space 420864K, 0% used [0x000000076ca00000,0x000000076ca00000,0x0000000786500000)
  from space 13312K, 99% used [0x0000000787900000,0x00000007885fb400,0x0000000788600000)
  to   space 15872K, 0% used [0x0000000786700000,0x0000000786700000,0x0000000787680000)
 ParOldGen       total 147968K, used 21056K [0x00000006c5e00000, 0x00000006cee80000, 0x000000076ca00000)
  object space 147968K, 14% used [0x00000006c5e00000,0x00000006c7290368,0x00000006cee80000)
 Metaspace       used 56143K, capacity 58913K, committed 59096K, reserved 1101824K
  class space    used 7084K, capacity 7578K, committed 7680K, reserved 1048576K
}
Event: 12.130 GC heap before
{Heap before GC invocations=13 (full 3):
 PSYoungGen      total 434176K, used 13293K [0x000000076ca00000, 0x0000000788600000, 0x00000007c0000000)
  eden space 420864K, 0% used [0x000000076ca00000,0x000000076ca00000,0x0000000786500000)
  from space 13312K, 99% used [0x0000000787900000,0x00000007885fb400,0x0000000788600000)
  to   space 15872K, 0% used [0x0000000786700000,0x0000000786700000,0x0000000787680000)
 ParOldGen       total 147968K, used 21056K [0x00000006c5e00000, 0x00000006cee80000, 0x000000076ca00000)
  object space 147968K, 14% used [0x00000006c5e00000,0x00000006c7290368,0x00000006cee80000)
 Metaspace       used 56143K, capacity 58913K, committed 59096K, reserved 1101824K
  class space    used 7084K, capacity 7578K, committed 7680K, reserved 1048576K
Event: 12.261 GC heap after
Heap after GC invocations=13 (full 3):
 PSYoungGen      total 434176K, used 0K [0x000000076ca00000, 0x0000000788600000, 0x00000007c0000000)
  eden space 420864K, 0% used [0x000000076ca00000,0x000000076ca00000,0x0000000786500000)
  from space 13312K, 0% used [0x0000000787900000,0x0000000787900000,0x0000000788600000)
  to   space 15872K, 0% used [0x0000000786700000,0x0000000786700000,0x0000000787680000)
 ParOldGen       total 147968K, used 25572K [0x00000006c5e00000, 0x00000006cee80000, 0x000000076ca00000)
  object space 147968K, 17% used [0x00000006c5e00000,0x00000006c76f93d8,0x00000006cee80000)
 Metaspace       used 56143K, capacity 58913K, committed 59096K, reserved 1101824K
  class space    used 7084K, capacity 7578K, committed 7680K, reserved 1048576K
}

